[debug] [2023-10-11T16:03:23.547Z] ----------------------------------------------------------------------
[debug] [2023-10-11T16:03:23.549Z] Command:       C:\Program Files\nodejs\node.exe C:\Users\AGGYRATUS\AppData\Roaming\npm\node_modules\firebase-tools\lib\bin\firebase.js deploy --only functions
[debug] [2023-10-11T16:03:23.550Z] CLI Version:   12.6.2
[debug] [2023-10-11T16:03:23.550Z] Platform:      win32
[debug] [2023-10-11T16:03:23.550Z] Node Version:  v18.17.0
[debug] [2023-10-11T16:03:23.551Z] Time:          Wed Oct 11 2023 16:03:23 GMT+0000 (Greenwich Mean Time)
[debug] [2023-10-11T16:03:23.551Z] ----------------------------------------------------------------------
[debug] 
[debug] [2023-10-11T16:03:23.631Z] > command requires scopes: ["email","openid","https://www.googleapis.com/auth/cloudplatformprojects.readonly","https://www.googleapis.com/auth/firebase","https://www.googleapis.com/auth/cloud-platform"]
[debug] [2023-10-11T16:03:23.632Z] > authorizing via signed-in user (aggyratusdemitrus@gmail.com)
[debug] [2023-10-11T16:03:23.632Z] [iam] checking project gym-city-test for permissions ["cloudfunctions.functions.create","cloudfunctions.functions.delete","cloudfunctions.functions.get","cloudfunctions.functions.list","cloudfunctions.functions.update","cloudfunctions.operations.get","firebase.projects.get"]
[debug] [2023-10-11T16:03:23.634Z] >>> [apiv2][query] POST https://cloudresourcemanager.googleapis.com/v1/projects/gym-city-test:testIamPermissions [none]
[debug] [2023-10-11T16:03:23.635Z] >>> [apiv2][(partial)header] POST https://cloudresourcemanager.googleapis.com/v1/projects/gym-city-test:testIamPermissions x-goog-quota-user=projects/gym-city-test
[debug] [2023-10-11T16:03:23.635Z] >>> [apiv2][body] POST https://cloudresourcemanager.googleapis.com/v1/projects/gym-city-test:testIamPermissions {"permissions":["cloudfunctions.functions.create","cloudfunctions.functions.delete","cloudfunctions.functions.get","cloudfunctions.functions.list","cloudfunctions.functions.update","cloudfunctions.operations.get","firebase.projects.get"]}
[debug] [2023-10-11T16:03:24.797Z] <<< [apiv2][status] POST https://cloudresourcemanager.googleapis.com/v1/projects/gym-city-test:testIamPermissions 200
[debug] [2023-10-11T16:03:24.797Z] <<< [apiv2][body] POST https://cloudresourcemanager.googleapis.com/v1/projects/gym-city-test:testIamPermissions {"permissions":["cloudfunctions.functions.create","cloudfunctions.functions.delete","cloudfunctions.functions.get","cloudfunctions.functions.list","cloudfunctions.functions.update","cloudfunctions.operations.get","firebase.projects.get"]}
[debug] [2023-10-11T16:03:24.798Z] >>> [apiv2][query] POST https://iam.googleapis.com/v1/projects/gym-city-test/serviceAccounts/gym-city-test@appspot.gserviceaccount.com:testIamPermissions [none]
[debug] [2023-10-11T16:03:24.798Z] >>> [apiv2][body] POST https://iam.googleapis.com/v1/projects/gym-city-test/serviceAccounts/gym-city-test@appspot.gserviceaccount.com:testIamPermissions {"permissions":["iam.serviceAccounts.actAs"]}
[debug] [2023-10-11T16:03:25.840Z] <<< [apiv2][status] POST https://iam.googleapis.com/v1/projects/gym-city-test/serviceAccounts/gym-city-test@appspot.gserviceaccount.com:testIamPermissions 200
[debug] [2023-10-11T16:03:25.840Z] <<< [apiv2][body] POST https://iam.googleapis.com/v1/projects/gym-city-test/serviceAccounts/gym-city-test@appspot.gserviceaccount.com:testIamPermissions {"permissions":["iam.serviceAccounts.actAs"]}
[info] 
[info] === Deploying to 'gym-city-test'...
[info] 
[info] i  deploying functions 
[info] Running command: npm --prefix "$RESOURCE_DIR" run lint
