[debug] [2023-10-11T20:58:33.657Z] ----------------------------------------------------------------------
[debug] [2023-10-11T20:58:33.660Z] Command:       C:\Program Files\nodejs\node.exe C:\Users\AGGYRATUS\AppData\Roaming\npm\node_modules\firebase-tools\lib\bin\firebase.js init
[debug] [2023-10-11T20:58:33.661Z] CLI Version:   12.6.2
[debug] [2023-10-11T20:58:33.662Z] Platform:      win32
[debug] [2023-10-11T20:58:33.662Z] Node Version:  v18.17.0
[debug] [2023-10-11T20:58:33.664Z] Time:          Wed Oct 11 2023 20:58:33 GMT+0000 (Greenwich Mean Time)
[debug] [2023-10-11T20:58:33.664Z] ----------------------------------------------------------------------
[debug] 
[debug] [2023-10-11T20:58:33.775Z] > command requires scopes: ["email","openid","https://www.googleapis.com/auth/cloudplatformprojects.readonly","https://www.googleapis.com/auth/firebase","https://www.googleapis.com/auth/cloud-platform"]
[debug] [2023-10-11T20:58:33.775Z] > authorizing via signed-in user (aggyratusdemitrus@gmail.com)
[info] 
     ######## #### ########  ######## ########     ###     ######  ########
     ##        ##  ##     ## ##       ##     ##  ##   ##  ##       ##
     ######    ##  ########  ######   ########  #########  ######  ######
     ##        ##  ##    ##  ##       ##     ## ##     ##       ## ##
     ##       #### ##     ## ######## ########  ##     ##  ######  ########

You're about to initialize a Firebase project in this directory:

  C:\Users\AGGYRATUS\Desktop\Gym_city_beta-test

Before we get started, keep in mind:

  * You are initializing within an existing Firebase project directory

[debug] [2023-10-11T21:01:05.350Z] ----------------------------------------------------------------------
[debug] [2023-10-11T21:01:05.352Z] Command:       C:\Program Files\nodejs\node.exe C:\Users\AGGYRATUS\AppData\Roaming\npm\node_modules\firebase-tools\lib\bin\firebase.js init
[debug] [2023-10-11T21:01:05.352Z] CLI Version:   12.6.2
[debug] [2023-10-11T21:01:05.353Z] Platform:      win32
[debug] [2023-10-11T21:01:05.353Z] Node Version:  v18.17.0
[debug] [2023-10-11T21:01:05.354Z] Time:          Wed Oct 11 2023 21:01:05 GMT+0000 (Greenwich Mean Time)
[debug] [2023-10-11T21:01:05.354Z] ----------------------------------------------------------------------
[debug] 
[debug] [2023-10-11T21:01:05.421Z] > command requires scopes: ["email","openid","https://www.googleapis.com/auth/cloudplatformprojects.readonly","https://www.googleapis.com/auth/firebase","https://www.googleapis.com/auth/cloud-platform"]
[debug] [2023-10-11T21:01:05.421Z] > authorizing via signed-in user (aggyratusdemitrus@gmail.com)
[info] 
     ######## #### ########  ######## ########     ###     ######  ########
     ##        ##  ##     ## ##       ##     ##  ##   ##  ##       ##
     ######    ##  ########  ######   ########  #########  ######  ######
     ##        ##  ##    ##  ##       ##     ## ##     ##       ## ##
     ##       #### ##     ## ######## ########  ##     ##  ######  ########

You're about to initialize a Firebase project in this directory:

  C:\Users\AGGYRATUS\Desktop\Gym_city_beta-test

Before we get started, keep in mind:

  * You are initializing within an existing Firebase project directory

[debug] [2023-10-11T21:02:05.894Z] ----------------------------------------------------------------------
[debug] [2023-10-11T21:02:05.896Z] Command:       C:\Program Files\nodejs\node.exe C:\Users\AGGYRATUS\AppData\Roaming\npm\node_modules\firebase-tools\lib\bin\firebase.js init hosting
[debug] [2023-10-11T21:02:05.896Z] CLI Version:   12.6.2
[debug] [2023-10-11T21:02:05.897Z] Platform:      win32
[debug] [2023-10-11T21:02:05.897Z] Node Version:  v18.17.0
[debug] [2023-10-11T21:02:05.898Z] Time:          Wed Oct 11 2023 21:02:05 GMT+0000 (Greenwich Mean Time)
[debug] [2023-10-11T21:02:05.898Z] ----------------------------------------------------------------------
[debug] 
[debug] [2023-10-11T21:02:05.966Z] > command requires scopes: ["email","openid","https://www.googleapis.com/auth/cloudplatformprojects.readonly","https://www.googleapis.com/auth/firebase","https://www.googleapis.com/auth/cloud-platform"]
[debug] [2023-10-11T21:02:05.967Z] > authorizing via signed-in user (aggyratusdemitrus@gmail.com)
[info] 
     ######## #### ########  ######## ########     ###     ######  ########
     ##        ##  ##     ## ##       ##     ##  ##   ##  ##       ##
     ######    ##  ########  ######   ########  #########  ######  ######
     ##        ##  ##    ##  ##       ##     ## ##     ##       ## ##
     ##       #### ##     ## ######## ########  ##     ##  ######  ########

You're about to initialize a Firebase project in this directory:

  C:\Users\AGGYRATUS\Desktop\Gym_city_beta-test

Before we get started, keep in mind:

  * You are initializing within an existing Firebase project directory

[info] 
=== Project Setup
[info] 
[info] First, let's associate this project directory with a Firebase project.
[info] You can create multiple project aliases by running firebase use --add, 
[info] but for now we'll just set up a default project.
[info] 
[debug] [2023-10-11T21:02:08.126Z] Using project from CLI flag: gym-city-test
[debug] [2023-10-11T21:02:08.129Z] >>> [apiv2][query] GET https://firebase.googleapis.com/v1beta1/projects/gym-city-test [none]
[debug] [2023-10-11T21:02:08.851Z] <<< [apiv2][status] GET https://firebase.googleapis.com/v1beta1/projects/gym-city-test 200
[debug] [2023-10-11T21:02:08.851Z] <<< [apiv2][body] GET https://firebase.googleapis.com/v1beta1/projects/gym-city-test {"projectId":"gym-city-test","projectNumber":"1065580307653","displayName":"Gym-city-test","name":"projects/gym-city-test","resources":{"hostingSite":"gym-city-test","storageBucket":"gym-city-test.appspot.com","locationId":"us-central"},"state":"ACTIVE","etag":"1_d8c21788-5d64-4b53-84c0-57b8266094fa"}
[info] i  Using project gym-city-test (Gym-city-test) 
[info] 
=== Hosting Setup
[info] 
[info] Your public directory is the folder (relative to your project directory) that
[info] will contain Hosting assets to be uploaded with firebase deploy. If you
[info] have a build process for your assets, use your build's output directory.
[info] 
[info] +  Wrote public/404.html 
[debug] [2023-10-11T21:02:31.139Z] >>> [apiv2][query] GET https://www.gstatic.com/firebasejs/releases.json [none]
[debug] [2023-10-11T21:02:31.532Z] <<< [apiv2][status] GET https://www.gstatic.com/firebasejs/releases.json 200
[debug] [2023-10-11T21:02:31.532Z] <<< [apiv2][body] GET https://www.gstatic.com/firebasejs/releases.json {"current":{"version":"10.4.0","browserURL":"https://www.gstatic.com/firebasejs/10.4.0/firebase.js","packageURL":"https://www.gstatic.com/firebasejs/10.4.0/firebase.tgz"},"live":{"version":"10.4","browserURL":"https://www.gstatic.com/firebasejs/live/10.4/firebase.js","packageURL":"https://www.gstatic.com/firebasejs/live/10.4/firebase.tgz"},"components":{"analytics":"https://www.gstatic.com/firebasejs/10.4.0/firebase-analytics.js","app":"https://www.gstatic.com/firebasejs/10.4.0/firebase-app.js","app-check":"https://www.gstatic.com/firebasejs/10.4.0/firebase-app-check.js","auth":"https://www.gstatic.com/firebasejs/10.4.0/firebase-auth.js","auth/cordova":"https://www.gstatic.com/firebasejs/10.4.0/firebase-auth/cordova.js","functions":"https://www.gstatic.com/firebasejs/10.4.0/firebase-functions.js","firestore":"https://www.gstatic.com/firebasejs/10.4.0/firebase-firestore.js","firestore/lite":"https://www.gstatic.com/firebasejs/10.4.0/firebase-firestore/lite.js","installations":"https://www.gstatic.com/firebasejs/10.4.0/firebase-installations.js","storage":"https://www.gstatic.com/firebasejs/10.4.0/firebase-storage.js","performance":"https://www.gstatic.com/firebasejs/10.4.0/firebase-performance.js","remote-config":"https://www.gstatic.com/firebasejs/10.4.0/firebase-remote-config.js","messaging":"https://www.gstatic.com/firebasejs/10.4.0/firebase-messaging.js","messaging/sw":"https://www.gstatic.com/firebasejs/10.4.0/firebase-messaging/sw.js","database":"https://www.gstatic.com/firebasejs/10.4.0/firebase-database.js","firestore.memory":"https://www.gstatic.com/firebasejs/10.4.0/firebase-firestore.memory.js"}}
[info] +  Wrote public/index.html 
[info] 
[info] i  Detected a .git folder at C:\Users\AGGYRATUS\Desktop\Gym_city_beta-test 
[info] i  Authorizing with GitHub to upload your service account to a GitHub repository's secrets store. 
[info] 
[info] Visit this URL on this device to log in:
[info] https://github.com/login/oauth/authorize?client_id=89cf50f02ac6aaed3484&state=952033199&redirect_uri=http%3A%2F%2Flocalhost%3A9005&scope=read%3Auser%20repo%20public_repo
[info] 
[info] Waiting for authentication...
[debug] [2023-10-11T21:02:47.763Z] >>> [apiv2][query] POST https://github.com/login/oauth/access_token [none]
[debug] [2023-10-11T21:02:47.763Z] >>> [apiv2][body] POST https://github.com/login/oauth/access_token [stream]
[debug] [2023-10-11T21:02:48.317Z] <<< [apiv2][status] POST https://github.com/login/oauth/access_token 200
[debug] [2023-10-11T21:02:48.317Z] <<< [apiv2][body] POST https://github.com/login/oauth/access_token {"access_token":"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","token_type":"bearer","scope":"read:user,repo"}
[debug] [2023-10-11T21:02:48.322Z] >>> [apiv2][query] GET https://api.github.com/user [none]
[debug] [2023-10-11T21:02:48.868Z] <<< [apiv2][status] GET https://api.github.com/user 200
[debug] [2023-10-11T21:02:48.868Z] <<< [apiv2][body] GET https://api.github.com/user {"login":"WorldBuilder21","id":79012511,"node_id":"MDQ6VXNlcjc5MDEyNTEx","avatar_url":"https://avatars.githubusercontent.com/u/79012511?v=4","gravatar_id":"","url":"https://api.github.com/users/WorldBuilder21","html_url":"https://github.com/WorldBuilder21","followers_url":"https://api.github.com/users/WorldBuilder21/followers","following_url":"https://api.github.com/users/WorldBuilder21/following{/other_user}","gists_url":"https://api.github.com/users/WorldBuilder21/gists{/gist_id}","starred_url":"https://api.github.com/users/WorldBuilder21/starred{/owner}{/repo}","subscriptions_url":"https://api.github.com/users/WorldBuilder21/subscriptions","organizations_url":"https://api.github.com/users/WorldBuilder21/orgs","repos_url":"https://api.github.com/users/WorldBuilder21/repos","events_url":"https://api.github.com/users/WorldBuilder21/events{/privacy}","received_events_url":"https://api.github.com/users/WorldBuilder21/received_events","type":"User","site_admin":false,"name":"WorldBuilder","company":null,"blog":"","location":null,"email":null,"hireable":null,"bio":null,"twitter_username":null,"public_repos":5,"public_gists":0,"followers":0,"following":0,"created_at":"2021-02-13T14:34:20Z","updated_at":"2023-10-11T16:01:51Z","private_gists":0,"total_private_repos":1,"owned_private_repos":1,"disk_usage":108776,"collaborators":0,"two_factor_authentication":false,"plan":{"name":"free","space":976562499,"collaborators":0,"private_repos":10000}}
[info] 
[info] +  Success! Logged into GitHub as WorldBuilder21 
[info] 
[debug] [2023-10-11T21:02:52.216Z] >>> [apiv2][query] GET https://api.github.com/repos//actions/secrets/public-key type=owner
[debug] [2023-10-11T21:02:52.738Z] <<< [apiv2][status] GET https://api.github.com/repos//actions/secrets/public-key 404
[debug] [2023-10-11T21:02:52.738Z] <<< [apiv2][body] GET https://api.github.com/repos//actions/secrets/public-key {"message":"Not Found","documentation_url":"https://docs.github.com/rest"}
[info] 
[info] 
[error] !  The provided authorization cannot be used with this repository. If this repository is in an organization, did you remember to grant access? 
[info] 
[info] i  Action required: Visit this URL to ensure access has been granted to the appropriate organization(s) for the Firebase CLI GitHub OAuth App: 
[info] https://github.com/settings/connections/applications/89cf50f02ac6aaed3484
[info] 
[debug] [2023-10-11T21:02:55.184Z] >>> [apiv2][query] GET https://api.github.com/repos//actions/secrets/public-key type=owner
[debug] [2023-10-11T21:02:55.667Z] <<< [apiv2][status] GET https://api.github.com/repos//actions/secrets/public-key 404
[debug] [2023-10-11T21:02:55.668Z] <<< [apiv2][body] GET https://api.github.com/repos//actions/secrets/public-key {"message":"Not Found","documentation_url":"https://docs.github.com/rest"}
[info] 
[info] 
[error] !  The provided authorization cannot be used with this repository. If this repository is in an organization, did you remember to grant access? 
[info] 
[info] i  Action required: Visit this URL to ensure access has been granted to the appropriate organization(s) for the Firebase CLI GitHub OAuth App: 
[info] https://github.com/settings/connections/applications/89cf50f02ac6aaed3484
[info] 
